# JRE version: OpenJDK Runtime Environment (8.0_232-b09) (build 1.8.0_232-8u232-b09-0ubuntu1~18.04.1-b09)
# Java VM: OpenJDK 64-Bit Server VM (25.232-b09 mixed mode linux-amd64 compressed oops)
Heap:
 garbage-first heap   total 444416K, used 179776K [0x00000000c0000000, 0x00000000c0100d90, 0x0000000100000000)
  region size 1024K, 12 young (12288K), 12 survivors (12288K)
 Metaspace       used 61496K, capacity 64740K, committed 64892K, reserved 1105920K
  class space    used 7064K, capacity 8052K, committed 8060K, reserved 1048576K
GC Heap History (10 events):
Event: 80,361 GC heap after
Heap after GC invocations=38 (full 0):
 garbage-first heap   total 292864K, used 155168K [0x00000000c0000000, 0x00000000c01008f0, 0x0000000100000000)
  region size 1024K, 11 young (11264K), 11 survivors (11264K)
 Metaspace       used 60568K, capacity 63888K, committed 64124K, reserved 1105920K
  class space    used 6979K, capacity 7938K, committed 8060K, reserved 1048576K
}
Event: 80,471 GC heap before
{Heap before GC invocations=38 (full 0):
 garbage-first heap   total 292864K, used 158240K [0x00000000c0000000, 0x00000000c01008f0, 0x0000000100000000)
  region size 1024K, 14 young (14336K), 11 survivors (11264K)
 Metaspace       used 60584K, capacity 63888K, committed 64124K, reserved 1105920K
  class space    used 6982K, capacity 7938K, committed 8060K, reserved 1048576K
Event: 80,526 GC heap after
Heap after GC invocations=39 (full 0):
 garbage-first heap   total 292864K, used 139296K [0x00000000c0000000, 0x00000000c01008f0, 0x0000000100000000)
  region size 1024K, 2 young (2048K), 2 survivors (2048K)
 Metaspace       used 60584K, capacity 63888K, committed 64124K, reserved 1105920K
  class space    used 6982K, capacity 7938K, committed 8060K, reserved 1048576K
}
Event: 80,588 GC heap before
{Heap before GC invocations=39 (full 0):
 garbage-first heap   total 292864K, used 151584K [0x00000000c0000000, 0x00000000c01008f0, 0x0000000100000000)
  region size 1024K, 14 young (14336K), 2 survivors (2048K)
 Metaspace       used 60683K, capacity 63952K, committed 64380K, reserved 1105920K
  class space    used 6987K, capacity 7938K, committed 8060K, reserved 1048576K
Event: 80,628 GC heap after
Heap after GC invocations=40 (full 0):
 garbage-first heap   total 292864K, used 135200K [0x00000000c0000000, 0x00000000c01008f0, 0x0000000100000000)
  region size 1024K, 2 young (2048K), 2 survivors (2048K)
 Metaspace       used 60683K, capacity 63952K, committed 64380K, reserved 1105920K
  class space    used 6987K, capacity 7938K, committed 8060K, reserved 1048576K
}
Event: 81,134 GC heap before
{Heap before GC invocations=40 (full 0):
 garbage-first heap   total 292864K, used 241696K [0x00000000c0000000, 0x00000000c01008f0, 0x0000000100000000)
  region size 1024K, 106 young (108544K), 2 survivors (2048K)
 Metaspace       used 61150K, capacity 64388K, committed 64636K, reserved 1105920K
  class space    used 7033K, capacity 7976K, committed 8060K, reserved 1048576K
Event: 81,219 GC heap after
Heap after GC invocations=41 (full 0):
 garbage-first heap   total 292864K, used 148000K [0x00000000c0000000, 0x00000000c01008f0, 0x0000000100000000)
  region size 1024K, 14 young (14336K), 14 survivors (14336K)
 Metaspace       used 61150K, capacity 64388K, committed 64636K, reserved 1105920K
  class space    used 7033K, capacity 7976K, committed 8060K, reserved 1048576K
}
Event: 81,882 GC heap before
{Heap before GC invocations=41 (full 0):
 garbage-first heap   total 292864K, used 244256K [0x00000000c0000000, 0x00000000c01008f0, 0x0000000100000000)
  region size 1024K, 108 young (110592K), 14 survivors (14336K)
 Metaspace       used 61339K, capacity 64676K, committed 64892K, reserved 1105920K
  class space    used 7052K, capacity 8052K, committed 8060K, reserved 1048576K
Event: 82,175 GC heap after
Heap after GC invocations=42 (full 0):
 garbage-first heap   total 292864K, used 165201K [0x00000000c0000000, 0x00000000c01008f0, 0x0000000100000000)
  region size 1024K, 13 young (13312K), 13 survivors (13312K)
 Metaspace       used 61339K, capacity 64676K, committed 64892K, reserved 1105920K
  class space    used 7052K, capacity 8052K, committed 8060K, reserved 1048576K
}
Event: 107,026 GC heap before
{Heap before GC invocations=43 (full 0):
 garbage-first heap   total 292864K, used 250737K [0x00000000c0000000, 0x00000000c01008f0, 0x0000000100000000)
  region size 1024K, 94 young (96256K), 13 survivors (13312K)
 Metaspace       used 61496K, capacity 64740K, committed 64892K, reserved 1105920K
  class space    used 7064K, capacity 8052K, committed 8060K, reserved 1048576K

